have_func: checking for rb_absint_size()... -------------------- yes

"clang -o conftest -I/Users/scomp/.rbenv/versions/2.3.1/include/ruby-2.3.0/x86_64-darwin17 -I/Users/scomp/.rbenv/versions/2.3.1/include/ruby-2.3.0/ruby/backward -I/Users/scomp/.rbenv/versions/2.3.1/include/ruby-2.3.0 -I. -I/Users/scomp/.rbenv/versions/2.3.1/include  -D_XOPEN_SOURCE -D_DARWIN_C_SOURCE -D_DARWIN_UNLIMITED_SELECT -D_REENTRANT    -O3 -Wno-error=shorten-64-to-32  -pipe conftest.c  -L. -L/Users/scomp/.rbenv/versions/2.3.1/lib -L. -L/Users/scomp/.rbenv/versions/2.3.1/lib  -fstack-protector -L/usr/local/lib     -lruby-static -framework CoreFoundation  -lpthread -ldl -lobjc "
checked program was:
/* begin */
1: #include "ruby.h"
2: 
3: int main(int argc, char **argv)
4: {
5:   return 0;
6: }
/* end */

"clang -o conftest -I/Users/scomp/.rbenv/versions/2.3.1/include/ruby-2.3.0/x86_64-darwin17 -I/Users/scomp/.rbenv/versions/2.3.1/include/ruby-2.3.0/ruby/backward -I/Users/scomp/.rbenv/versions/2.3.1/include/ruby-2.3.0 -I. -I/Users/scomp/.rbenv/versions/2.3.1/include  -D_XOPEN_SOURCE -D_DARWIN_C_SOURCE -D_DARWIN_UNLIMITED_SELECT -D_REENTRANT    -O3 -Wno-error=shorten-64-to-32  -pipe conftest.c  -L. -L/Users/scomp/.rbenv/versions/2.3.1/lib -L. -L/Users/scomp/.rbenv/versions/2.3.1/lib  -fstack-protector -L/usr/local/lib     -lruby-static -framework CoreFoundation  -lpthread -ldl -lobjc "
checked program was:
/* begin */
 1: #include "ruby.h"
 2: 
 3: /*top*/
 4: extern int t(void);
 5: int main(int argc, char **argv)
 6: {
 7:   if (argc > 1000000) {
 8:     printf("%p", &t);
 9:   }
10: 
11:   return 0;
12: }
13: int t(void) { void ((*volatile p)()); p = (void ((*)()))rb_absint_size; return !p; }
/* end */

--------------------

have_func: checking for rb_absint_singlebit_p()... -------------------- yes

"clang -o conftest -I/Users/scomp/.rbenv/versions/2.3.1/include/ruby-2.3.0/x86_64-darwin17 -I/Users/scomp/.rbenv/versions/2.3.1/include/ruby-2.3.0/ruby/backward -I/Users/scomp/.rbenv/versions/2.3.1/include/ruby-2.3.0 -I. -I/Users/scomp/.rbenv/versions/2.3.1/include  -D_XOPEN_SOURCE -D_DARWIN_C_SOURCE -D_DARWIN_UNLIMITED_SELECT -D_REENTRANT    -O3 -Wno-error=shorten-64-to-32  -pipe conftest.c  -L. -L/Users/scomp/.rbenv/versions/2.3.1/lib -L. -L/Users/scomp/.rbenv/versions/2.3.1/lib  -fstack-protector -L/usr/local/lib     -lruby-static -framework CoreFoundation  -lpthread -ldl -lobjc "
checked program was:
/* begin */
 1: #include "ruby.h"
 2: 
 3: /*top*/
 4: extern int t(void);
 5: int main(int argc, char **argv)
 6: {
 7:   if (argc > 1000000) {
 8:     printf("%p", &t);
 9:   }
10: 
11:   return 0;
12: }
13: int t(void) { void ((*volatile p)()); p = (void ((*)()))rb_absint_singlebit_p; return !p; }
/* end */

--------------------

have_func: checking for rb_wait_for_single_fd()... -------------------- yes

"clang -o conftest -I/Users/scomp/.rbenv/versions/2.3.1/include/ruby-2.3.0/x86_64-darwin17 -I/Users/scomp/.rbenv/versions/2.3.1/include/ruby-2.3.0/ruby/backward -I/Users/scomp/.rbenv/versions/2.3.1/include/ruby-2.3.0 -I. -I/Users/scomp/.rbenv/versions/2.3.1/include  -D_XOPEN_SOURCE -D_DARWIN_C_SOURCE -D_DARWIN_UNLIMITED_SELECT -D_REENTRANT    -O3 -Wno-error=shorten-64-to-32  -pipe conftest.c  -L. -L/Users/scomp/.rbenv/versions/2.3.1/lib -L. -L/Users/scomp/.rbenv/versions/2.3.1/lib  -fstack-protector -L/usr/local/lib     -lruby-static -framework CoreFoundation  -lpthread -ldl -lobjc "
conftest.c:13:57: error: use of undeclared identifier 'rb_wait_for_single_fd'
int t(void) { void ((*volatile p)()); p = (void ((*)()))rb_wait_for_single_fd; return !p; }
                                                        ^
1 error generated.
checked program was:
/* begin */
 1: #include "ruby.h"
 2: 
 3: /*top*/
 4: extern int t(void);
 5: int main(int argc, char **argv)
 6: {
 7:   if (argc > 1000000) {
 8:     printf("%p", &t);
 9:   }
10: 
11:   return 0;
12: }
13: int t(void) { void ((*volatile p)()); p = (void ((*)()))rb_wait_for_single_fd; return !p; }
/* end */

"clang -o conftest -I/Users/scomp/.rbenv/versions/2.3.1/include/ruby-2.3.0/x86_64-darwin17 -I/Users/scomp/.rbenv/versions/2.3.1/include/ruby-2.3.0/ruby/backward -I/Users/scomp/.rbenv/versions/2.3.1/include/ruby-2.3.0 -I. -I/Users/scomp/.rbenv/versions/2.3.1/include  -D_XOPEN_SOURCE -D_DARWIN_C_SOURCE -D_DARWIN_UNLIMITED_SELECT -D_REENTRANT    -O3 -Wno-error=shorten-64-to-32  -pipe conftest.c  -L. -L/Users/scomp/.rbenv/versions/2.3.1/lib -L. -L/Users/scomp/.rbenv/versions/2.3.1/lib  -fstack-protector -L/usr/local/lib     -lruby-static -framework CoreFoundation  -lpthread -ldl -lobjc "
checked program was:
/* begin */
 1: #include "ruby.h"
 2: 
 3: /*top*/
 4: extern int t(void);
 5: int main(int argc, char **argv)
 6: {
 7:   if (argc > 1000000) {
 8:     printf("%p", &t);
 9:   }
10: 
11:   return 0;
12: }
13: extern void rb_wait_for_single_fd();
14: int t(void) { rb_wait_for_single_fd(); return 0; }
/* end */

--------------------

have_header: checking for mysql.h... -------------------- yes

"clang -E -I/Users/scomp/.rbenv/versions/2.3.1/include/ruby-2.3.0/x86_64-darwin17 -I/Users/scomp/.rbenv/versions/2.3.1/include/ruby-2.3.0/ruby/backward -I/Users/scomp/.rbenv/versions/2.3.1/include/ruby-2.3.0 -I. -I/usr/local/opt/mysql@5.6/include/mysql -I/Users/scomp/.rbenv/versions/2.3.1/include  -D_XOPEN_SOURCE -D_DARWIN_C_SOURCE -D_DARWIN_UNLIMITED_SELECT -D_REENTRANT    -O3 -Wno-error=shorten-64-to-32  -pipe  conftest.c -o conftest.i"
checked program was:
/* begin */
1: #include "ruby.h"
2: 
3: #include <mysql.h>
/* end */

--------------------

have_header: checking for errmsg.h... -------------------- yes

"clang -E -I/Users/scomp/.rbenv/versions/2.3.1/include/ruby-2.3.0/x86_64-darwin17 -I/Users/scomp/.rbenv/versions/2.3.1/include/ruby-2.3.0/ruby/backward -I/Users/scomp/.rbenv/versions/2.3.1/include/ruby-2.3.0 -I. -I/usr/local/opt/mysql@5.6/include/mysql -I/Users/scomp/.rbenv/versions/2.3.1/include  -D_XOPEN_SOURCE -D_DARWIN_C_SOURCE -D_DARWIN_UNLIMITED_SELECT -D_REENTRANT    -O3 -Wno-error=shorten-64-to-32  -pipe  conftest.c -o conftest.i"
checked program was:
/* begin */
1: #include "ruby.h"
2: 
3: #include <errmsg.h>
/* end */

--------------------

have_const: checking for SSL_MODE_DISABLED in mysql.h... -------------------- no

"clang -I/Users/scomp/.rbenv/versions/2.3.1/include/ruby-2.3.0/x86_64-darwin17 -I/Users/scomp/.rbenv/versions/2.3.1/include/ruby-2.3.0/ruby/backward -I/Users/scomp/.rbenv/versions/2.3.1/include/ruby-2.3.0 -I. -I/usr/local/opt/mysql@5.6/include/mysql -I/Users/scomp/.rbenv/versions/2.3.1/include  -D_XOPEN_SOURCE -D_DARWIN_C_SOURCE -D_DARWIN_UNLIMITED_SELECT -D_REENTRANT    -O3 -Wno-error=shorten-64-to-32  -pipe   -c conftest.c"
conftest.c:7:34: error: use of undeclared identifier 'SSL_MODE_DISABLED'
conftest_type conftestval = (int)SSL_MODE_DISABLED;
                                 ^
1 error generated.
checked program was:
/* begin */
1: #include "ruby.h"
2: 
3: #include <mysql.h>
4: 
5: /*top*/
6: typedef int conftest_type;
7: conftest_type conftestval = (int)SSL_MODE_DISABLED;
/* end */

--------------------

have_const: checking for MYSQL_OPT_SSL_ENFORCE in mysql.h... -------------------- no

"clang -I/Users/scomp/.rbenv/versions/2.3.1/include/ruby-2.3.0/x86_64-darwin17 -I/Users/scomp/.rbenv/versions/2.3.1/include/ruby-2.3.0/ruby/backward -I/Users/scomp/.rbenv/versions/2.3.1/include/ruby-2.3.0 -I. -I/usr/local/opt/mysql@5.6/include/mysql -I/Users/scomp/.rbenv/versions/2.3.1/include  -D_XOPEN_SOURCE -D_DARWIN_C_SOURCE -D_DARWIN_UNLIMITED_SELECT -D_REENTRANT    -O3 -Wno-error=shorten-64-to-32  -pipe   -c conftest.c"
conftest.c:7:34: error: use of undeclared identifier 'MYSQL_OPT_SSL_ENFORCE'
conftest_type conftestval = (int)MYSQL_OPT_SSL_ENFORCE;
                                 ^
1 error generated.
checked program was:
/* begin */
1: #include "ruby.h"
2: 
3: #include <mysql.h>
4: 
5: /*top*/
6: typedef int conftest_type;
7: conftest_type conftestval = (int)MYSQL_OPT_SSL_ENFORCE;
/* end */

--------------------

have_struct_member: checking for MYSQL.net.vio in mysql.h... -------------------- yes

"clang -I/Users/scomp/.rbenv/versions/2.3.1/include/ruby-2.3.0/x86_64-darwin17 -I/Users/scomp/.rbenv/versions/2.3.1/include/ruby-2.3.0/ruby/backward -I/Users/scomp/.rbenv/versions/2.3.1/include/ruby-2.3.0 -I. -I/usr/local/opt/mysql@5.6/include/mysql -I/Users/scomp/.rbenv/versions/2.3.1/include  -D_XOPEN_SOURCE -D_DARWIN_C_SOURCE -D_DARWIN_UNLIMITED_SELECT -D_REENTRANT    -O3 -Wno-error=shorten-64-to-32  -pipe -DNO_SSL_MODE_SUPPORT   -c conftest.c"
checked program was:
/* begin */
 1: #include "ruby.h"
 2: 
 3: #include <mysql.h>
 4: 
 5: /*top*/
 6: int s = (char *)&((MYSQL*)0)->net.vio - (char *)0;
 7: int main(int argc, char **argv)
 8: {
 9:   return 0;
10: }
/* end */

--------------------

have_struct_member: checking for MYSQL.net.pvio in mysql.h... -------------------- no

"clang -I/Users/scomp/.rbenv/versions/2.3.1/include/ruby-2.3.0/x86_64-darwin17 -I/Users/scomp/.rbenv/versions/2.3.1/include/ruby-2.3.0/ruby/backward -I/Users/scomp/.rbenv/versions/2.3.1/include/ruby-2.3.0 -I. -I/usr/local/opt/mysql@5.6/include/mysql -I/Users/scomp/.rbenv/versions/2.3.1/include  -D_XOPEN_SOURCE -D_DARWIN_C_SOURCE -D_DARWIN_UNLIMITED_SELECT -D_REENTRANT    -O3 -Wno-error=shorten-64-to-32  -pipe -DNO_SSL_MODE_SUPPORT   -c conftest.c"
conftest.c:6:35: error: no member named 'pvio' in 'struct st_net'; did you mean 'vio'?
int s = (char *)&((MYSQL*)0)->net.pvio - (char *)0;
                                  ^~~~
                                  vio
/usr/local/opt/mysql@5.6/include/mysql/mysql_com.h:319:8: note: 'vio' declared here
  Vio *vio;
       ^
1 error generated.
checked program was:
/* begin */
 1: #include "ruby.h"
 2: 
 3: #include <mysql.h>
 4: 
 5: /*top*/
 6: int s = (char *)&((MYSQL*)0)->net.pvio - (char *)0;
 7: int main(int argc, char **argv)
 8: {
 9:   return 0;
10: }
/* end */

--------------------

have_const: checking for MYSQL_ENABLE_CLEARTEXT_PLUGIN in mysql.h... -------------------- yes

"clang -I/Users/scomp/.rbenv/versions/2.3.1/include/ruby-2.3.0/x86_64-darwin17 -I/Users/scomp/.rbenv/versions/2.3.1/include/ruby-2.3.0/ruby/backward -I/Users/scomp/.rbenv/versions/2.3.1/include/ruby-2.3.0 -I. -I/usr/local/opt/mysql@5.6/include/mysql -I/Users/scomp/.rbenv/versions/2.3.1/include  -D_XOPEN_SOURCE -D_DARWIN_C_SOURCE -D_DARWIN_UNLIMITED_SELECT -D_REENTRANT    -O3 -Wno-error=shorten-64-to-32  -pipe -DNO_SSL_MODE_SUPPORT   -c conftest.c"
checked program was:
/* begin */
1: #include "ruby.h"
2: 
3: #include <mysql.h>
4: 
5: /*top*/
6: typedef int conftest_type;
7: conftest_type conftestval = (int)MYSQL_ENABLE_CLEARTEXT_PLUGIN;
/* end */

--------------------

have_const: checking for SERVER_QUERY_NO_GOOD_INDEX_USED in mysql.h... -------------------- yes

"clang -I/Users/scomp/.rbenv/versions/2.3.1/include/ruby-2.3.0/x86_64-darwin17 -I/Users/scomp/.rbenv/versions/2.3.1/include/ruby-2.3.0/ruby/backward -I/Users/scomp/.rbenv/versions/2.3.1/include/ruby-2.3.0 -I. -I/usr/local/opt/mysql@5.6/include/mysql -I/Users/scomp/.rbenv/versions/2.3.1/include  -D_XOPEN_SOURCE -D_DARWIN_C_SOURCE -D_DARWIN_UNLIMITED_SELECT -D_REENTRANT    -O3 -Wno-error=shorten-64-to-32  -pipe -DNO_SSL_MODE_SUPPORT   -c conftest.c"
checked program was:
/* begin */
1: #include "ruby.h"
2: 
3: #include <mysql.h>
4: 
5: /*top*/
6: typedef int conftest_type;
7: conftest_type conftestval = (int)SERVER_QUERY_NO_GOOD_INDEX_USED;
/* end */

--------------------

have_const: checking for SERVER_QUERY_NO_INDEX_USED in mysql.h... -------------------- yes

"clang -I/Users/scomp/.rbenv/versions/2.3.1/include/ruby-2.3.0/x86_64-darwin17 -I/Users/scomp/.rbenv/versions/2.3.1/include/ruby-2.3.0/ruby/backward -I/Users/scomp/.rbenv/versions/2.3.1/include/ruby-2.3.0 -I. -I/usr/local/opt/mysql@5.6/include/mysql -I/Users/scomp/.rbenv/versions/2.3.1/include  -D_XOPEN_SOURCE -D_DARWIN_C_SOURCE -D_DARWIN_UNLIMITED_SELECT -D_REENTRANT    -O3 -Wno-error=shorten-64-to-32  -pipe -DNO_SSL_MODE_SUPPORT   -c conftest.c"
checked program was:
/* begin */
1: #include "ruby.h"
2: 
3: #include <mysql.h>
4: 
5: /*top*/
6: typedef int conftest_type;
7: conftest_type conftestval = (int)SERVER_QUERY_NO_INDEX_USED;
/* end */

--------------------

have_const: checking for SERVER_QUERY_WAS_SLOW in mysql.h... -------------------- yes

"clang -I/Users/scomp/.rbenv/versions/2.3.1/include/ruby-2.3.0/x86_64-darwin17 -I/Users/scomp/.rbenv/versions/2.3.1/include/ruby-2.3.0/ruby/backward -I/Users/scomp/.rbenv/versions/2.3.1/include/ruby-2.3.0 -I. -I/usr/local/opt/mysql@5.6/include/mysql -I/Users/scomp/.rbenv/versions/2.3.1/include  -D_XOPEN_SOURCE -D_DARWIN_C_SOURCE -D_DARWIN_UNLIMITED_SELECT -D_REENTRANT    -O3 -Wno-error=shorten-64-to-32  -pipe -DNO_SSL_MODE_SUPPORT   -c conftest.c"
checked program was:
/* begin */
1: #include "ruby.h"
2: 
3: #include <mysql.h>
4: 
5: /*top*/
6: typedef int conftest_type;
7: conftest_type conftestval = (int)SERVER_QUERY_WAS_SLOW;
/* end */

--------------------

have_const: checking for MYSQL_OPTION_MULTI_STATEMENTS_ON in mysql.h... -------------------- yes

"clang -I/Users/scomp/.rbenv/versions/2.3.1/include/ruby-2.3.0/x86_64-darwin17 -I/Users/scomp/.rbenv/versions/2.3.1/include/ruby-2.3.0/ruby/backward -I/Users/scomp/.rbenv/versions/2.3.1/include/ruby-2.3.0 -I. -I/usr/local/opt/mysql@5.6/include/mysql -I/Users/scomp/.rbenv/versions/2.3.1/include  -D_XOPEN_SOURCE -D_DARWIN_C_SOURCE -D_DARWIN_UNLIMITED_SELECT -D_REENTRANT    -O3 -Wno-error=shorten-64-to-32  -pipe -DNO_SSL_MODE_SUPPORT   -c conftest.c"
checked program was:
/* begin */
1: #include "ruby.h"
2: 
3: #include <mysql.h>
4: 
5: /*top*/
6: typedef int conftest_type;
7: conftest_type conftestval = (int)MYSQL_OPTION_MULTI_STATEMENTS_ON;
/* end */

--------------------

have_const: checking for MYSQL_OPTION_MULTI_STATEMENTS_OFF in mysql.h... -------------------- yes

"clang -I/Users/scomp/.rbenv/versions/2.3.1/include/ruby-2.3.0/x86_64-darwin17 -I/Users/scomp/.rbenv/versions/2.3.1/include/ruby-2.3.0/ruby/backward -I/Users/scomp/.rbenv/versions/2.3.1/include/ruby-2.3.0 -I. -I/usr/local/opt/mysql@5.6/include/mysql -I/Users/scomp/.rbenv/versions/2.3.1/include  -D_XOPEN_SOURCE -D_DARWIN_C_SOURCE -D_DARWIN_UNLIMITED_SELECT -D_REENTRANT    -O3 -Wno-error=shorten-64-to-32  -pipe -DNO_SSL_MODE_SUPPORT   -c conftest.c"
checked program was:
/* begin */
1: #include "ruby.h"
2: 
3: #include <mysql.h>
4: 
5: /*top*/
6: typedef int conftest_type;
7: conftest_type conftestval = (int)MYSQL_OPTION_MULTI_STATEMENTS_OFF;
/* end */

--------------------

have_type: checking for my_bool in mysql.h... -------------------- yes

"clang -I/Users/scomp/.rbenv/versions/2.3.1/include/ruby-2.3.0/x86_64-darwin17 -I/Users/scomp/.rbenv/versions/2.3.1/include/ruby-2.3.0/ruby/backward -I/Users/scomp/.rbenv/versions/2.3.1/include/ruby-2.3.0 -I. -I/usr/local/opt/mysql@5.6/include/mysql -I/Users/scomp/.rbenv/versions/2.3.1/include  -D_XOPEN_SOURCE -D_DARWIN_C_SOURCE -D_DARWIN_UNLIMITED_SELECT -D_REENTRANT    -O3 -Wno-error=shorten-64-to-32  -pipe -DNO_SSL_MODE_SUPPORT   -c conftest.c"
checked program was:
/* begin */
1: #include "ruby.h"
2: 
3: #include <mysql.h>
4: 
5: /*top*/
6: typedef my_bool conftest_type;
7: int conftestval[sizeof(conftest_type)?1:-1];
/* end */

--------------------

"clang -o conftest -I/Users/scomp/.rbenv/versions/2.3.1/include/ruby-2.3.0/x86_64-darwin17 -I/Users/scomp/.rbenv/versions/2.3.1/include/ruby-2.3.0/ruby/backward -I/Users/scomp/.rbenv/versions/2.3.1/include/ruby-2.3.0 -I. -I/usr/local/opt/mysql@5.6/include/mysql -I/Users/scomp/.rbenv/versions/2.3.1/include  -D_XOPEN_SOURCE -D_DARWIN_C_SOURCE -D_DARWIN_UNLIMITED_SELECT -D_REENTRANT    -O3 -Wno-error=shorten-64-to-32  -pipe -DNO_SSL_MODE_SUPPORT conftest.c  -L. -L/Users/scomp/.rbenv/versions/2.3.1/lib -L. -L/Users/scomp/.rbenv/versions/2.3.1/lib  -fstack-protector -L/usr/local/lib    -L/usr/local/opt/mysql@5.6/lib  -lmysqlclient  -lssl -lcrypto  -lruby-static -framework CoreFoundation -Werror -Weverything -lpthread -ldl -lobjc "
In file included from conftest.c:1:
In file included from /Users/scomp/.rbenv/versions/2.3.1/include/ruby-2.3.0/ruby.h:33:
In file included from /Users/scomp/.rbenv/versions/2.3.1/include/ruby-2.3.0/ruby/ruby.h:24:
/Users/scomp/.rbenv/versions/2.3.1/include/ruby-2.3.0/x86_64-darwin17/ruby/config.h:15:9: error: macro name is a reserved identifier [-Werror,-Wreserved-id-macro]
#define __EXTENSIONS__ 1
        ^
/Users/scomp/.rbenv/versions/2.3.1/include/ruby-2.3.0/x86_64-darwin17/ruby/config.h:16:9: error: macro name is a reserved identifier [-Werror,-Wreserved-id-macro]
#define _ALL_SOURCE 1
        ^
/Users/scomp/.rbenv/versions/2.3.1/include/ruby-2.3.0/x86_64-darwin17/ruby/config.h:17:9: error: macro name is a reserved identifier [-Werror,-Wreserved-id-macro]
#define _GNU_SOURCE 1
        ^
/Users/scomp/.rbenv/versions/2.3.1/include/ruby-2.3.0/x86_64-darwin17/ruby/config.h:18:9: error: macro name is a reserved identifier [-Werror,-Wreserved-id-macro]
#define _POSIX_PTHREAD_SEMANTICS 1
        ^
/Users/scomp/.rbenv/versions/2.3.1/include/ruby-2.3.0/x86_64-darwin17/ruby/config.h:19:9: error: macro name is a reserved identifier [-Werror,-Wreserved-id-macro]
#define _TANDEM_SOURCE 1
        ^
/Users/scomp/.rbenv/versions/2.3.1/include/ruby-2.3.0/x86_64-darwin17/ruby/config.h:300:9: error: macro name is a reserved identifier [-Werror,-Wreserved-id-macro]
#define __STDC_WANT_LIB_EXT1__ 1
        ^
/Users/scomp/.rbenv/versions/2.3.1/include/ruby-2.3.0/x86_64-darwin17/ruby/config.h:328:9: error: macro name is a reserved identifier [-Werror,-Wreserved-id-macro]
#define _REENTRANT 1
        ^
/Users/scomp/.rbenv/versions/2.3.1/include/ruby-2.3.0/x86_64-darwin17/ruby/config.h:329:9: error: macro name is a reserved identifier [-Werror,-Wreserved-id-macro]
#define _THREAD_SAFE 1
        ^
In file included from conftest.c:1:
In file included from /Users/scomp/.rbenv/versions/2.3.1/include/ruby-2.3.0/ruby.h:33:
In file included from /Users/scomp/.rbenv/versions/2.3.1/include/ruby-2.3.0/ruby/ruby.h:36:
/Users/scomp/.rbenv/versions/2.3.1/include/ruby-2.3.0/ruby/defines.h:88:8: error: macro name is a reserved identifier [-Werror,-Wreserved-id-macro]
#undef __
       ^
/Users/scomp/.rbenv/versions/2.3.1/include/ruby-2.3.0/ruby/defines.h:90:10: error: macro name is a reserved identifier [-Werror,-Wreserved-id-macro]
# define __(args) args
         ^
In file included from conftest.c:1:
In file included from /Users/scomp/.rbenv/versions/2.3.1/include/ruby-2.3.0/ruby.h:33:
/Users/scomp/.rbenv/versions/2.3.1/include/ruby-2.3.0/ruby/ruby.h:862:5: error: signed shift result (0x80000000) sets the sign bit of the shift expression's type ('int') and becomes negative [-Werror,-Wshift-sign-overflow]
    RUBY_FL_USER_N(19),
    ^~~~~~~~~~~~~~~~~~
/Users/scomp/.rbenv/versions/2.3.1/include/ruby-2.3.0/ruby/ruby.h:841:47: note: expanded from macro 'RUBY_FL_USER_N'
#define RUBY_FL_USER_N(n) RUBY_FL_USER##n = (1<<(RUBY_FL_USHIFT+n))
                                             ~^ ~~~~~~~~~~~~~~~~~~
/Users/scomp/.rbenv/versions/2.3.1/include/ruby-2.3.0/ruby/ruby.h:1532:58: error: 'filename' was marked unused but was used [-Werror,-Wused-but-marked-unused]
    rb_obj_written(a, Qundef /* ignore `oldv' now */, b, filename, line);
                                                         ^
/Users/scomp/.rbenv/versions/2.3.1/include/ruby-2.3.0/ruby/ruby.h:1532:68: error: 'line' was marked unused but was used [-Werror,-Wused-but-marked-unused]
    rb_obj_written(a, Qundef /* ignore `oldv' now */, b, filename, line);
                                                                   ^
/Users/scomp/.rbenv/versions/2.3.1/include/ruby-2.3.0/ruby/ruby.h:1690:53: error: this function declaration is not a prototype [-Werror,-Wstrict-prototypes]
void rb_define_virtual_variable(const char*,VALUE(*)(ANYARGS),void(*)(ANYARGS));
                                                    ^
                                                            void
/Users/scomp/.rbenv/versions/2.3.1/include/ruby-2.3.0/ruby/ruby.h:1690:70: error: this function declaration is not a prototype [-Werror,-Wstrict-prototypes]
void rb_define_virtual_variable(const char*,VALUE(*)(ANYARGS),void(*)(ANYARGS));
                                                                     ^
                                                                             void
/Users/scomp/.rbenv/versions/2.3.1/include/ruby-2.3.0/ruby/ruby.h:1691:59: error: this function declaration is not a prototype [-Werror,-Wstrict-prototypes]
void rb_define_hooked_variable(const char*,VALUE*,VALUE(*)(ANYARGS),void(*)(ANYARGS));
                                                          ^
                                                                  void
/Users/scomp/.rbenv/versions/2.3.1/include/ruby-2.3.0/ruby/ruby.h:1691:76: error: this function declaration is not a prototype [-Werror,-Wstrict-prototypes]
void rb_define_hooked_variable(const char*,VALUE*,VALUE(*)(ANYARGS),void(*)(ANYARGS));
                                                                           ^
                                                                                   void
/Users/scomp/.rbenv/versions/2.3.1/include/ruby-2.3.0/ruby/ruby.h:1697:49: error: this function declaration is not a prototype [-Werror,-Wstrict-prototypes]
void rb_define_method(VALUE,const char*,VALUE(*)(ANYARGS),int);
                                                ^
                                                        void
/Users/scomp/.rbenv/versions/2.3.1/include/ruby-2.3.0/ruby/ruby.h:1698:58: error: this function declaration is not a prototype [-Werror,-Wstrict-prototypes]
void rb_define_module_function(VALUE,const char*,VALUE(*)(ANYARGS),int);
                                                         ^
                                                                 void
fatal error: too many errors emitted, stopping now [-ferror-limit=]
20 errors generated.
checked program was:
/* begin */
1: #include "ruby.h"
2: 
3: int main() {return 0;}
/* end */

"clang -o conftest -I/Users/scomp/.rbenv/versions/2.3.1/include/ruby-2.3.0/x86_64-darwin17 -I/Users/scomp/.rbenv/versions/2.3.1/include/ruby-2.3.0/ruby/backward -I/Users/scomp/.rbenv/versions/2.3.1/include/ruby-2.3.0 -I. -I/usr/local/opt/mysql@5.6/include/mysql -I/Users/scomp/.rbenv/versions/2.3.1/include  -D_XOPEN_SOURCE -D_DARWIN_C_SOURCE -D_DARWIN_UNLIMITED_SELECT -D_REENTRANT    -O3 -Wno-error=shorten-64-to-32  -pipe -DNO_SSL_MODE_SUPPORT conftest.c  -L. -L/Users/scomp/.rbenv/versions/2.3.1/lib -L. -L/Users/scomp/.rbenv/versions/2.3.1/lib  -fstack-protector -L/usr/local/lib    -L/usr/local/opt/mysql@5.6/lib  -lmysqlclient  -lssl -lcrypto  -lruby-static -framework CoreFoundation -Werror -Wno-bad-function-cast -lpthread -ldl -lobjc "
checked program was:
/* begin */
1: #include "ruby.h"
2: 
3: int main() {return 0;}
/* end */

"clang -o conftest -I/Users/scomp/.rbenv/versions/2.3.1/include/ruby-2.3.0/x86_64-darwin17 -I/Users/scomp/.rbenv/versions/2.3.1/include/ruby-2.3.0/ruby/backward -I/Users/scomp/.rbenv/versions/2.3.1/include/ruby-2.3.0 -I. -I/usr/local/opt/mysql@5.6/include/mysql -I/Users/scomp/.rbenv/versions/2.3.1/include  -D_XOPEN_SOURCE -D_DARWIN_C_SOURCE -D_DARWIN_UNLIMITED_SELECT -D_REENTRANT    -O3 -Wno-error=shorten-64-to-32  -pipe -DNO_SSL_MODE_SUPPORT conftest.c  -L. -L/Users/scomp/.rbenv/versions/2.3.1/lib -L. -L/Users/scomp/.rbenv/versions/2.3.1/lib  -fstack-protector -L/usr/local/lib    -L/usr/local/opt/mysql@5.6/lib  -lmysqlclient  -lssl -lcrypto  -lruby-static -framework CoreFoundation -Werror -Wno-conditional-uninitialized -lpthread -ldl -lobjc "
checked program was:
/* begin */
1: #include "ruby.h"
2: 
3: int main() {return 0;}
/* end */

"clang -o conftest -I/Users/scomp/.rbenv/versions/2.3.1/include/ruby-2.3.0/x86_64-darwin17 -I/Users/scomp/.rbenv/versions/2.3.1/include/ruby-2.3.0/ruby/backward -I/Users/scomp/.rbenv/versions/2.3.1/include/ruby-2.3.0 -I. -I/usr/local/opt/mysql@5.6/include/mysql -I/Users/scomp/.rbenv/versions/2.3.1/include  -D_XOPEN_SOURCE -D_DARWIN_C_SOURCE -D_DARWIN_UNLIMITED_SELECT -D_REENTRANT    -O3 -Wno-error=shorten-64-to-32  -pipe -DNO_SSL_MODE_SUPPORT conftest.c  -L. -L/Users/scomp/.rbenv/versions/2.3.1/lib -L. -L/Users/scomp/.rbenv/versions/2.3.1/lib  -fstack-protector -L/usr/local/lib    -L/usr/local/opt/mysql@5.6/lib  -lmysqlclient  -lssl -lcrypto  -lruby-static -framework CoreFoundation -Werror -Wno-covered-switch-default -lpthread -ldl -lobjc "
checked program was:
/* begin */
1: #include "ruby.h"
2: 
3: int main() {return 0;}
/* end */

"clang -o conftest -I/Users/scomp/.rbenv/versions/2.3.1/include/ruby-2.3.0/x86_64-darwin17 -I/Users/scomp/.rbenv/versions/2.3.1/include/ruby-2.3.0/ruby/backward -I/Users/scomp/.rbenv/versions/2.3.1/include/ruby-2.3.0 -I. -I/usr/local/opt/mysql@5.6/include/mysql -I/Users/scomp/.rbenv/versions/2.3.1/include  -D_XOPEN_SOURCE -D_DARWIN_C_SOURCE -D_DARWIN_UNLIMITED_SELECT -D_REENTRANT    -O3 -Wno-error=shorten-64-to-32  -pipe -DNO_SSL_MODE_SUPPORT conftest.c  -L. -L/Users/scomp/.rbenv/versions/2.3.1/lib -L. -L/Users/scomp/.rbenv/versions/2.3.1/lib  -fstack-protector -L/usr/local/lib    -L/usr/local/opt/mysql@5.6/lib  -lmysqlclient  -lssl -lcrypto  -lruby-static -framework CoreFoundation -Werror -Wno-declaration-after-statement -lpthread -ldl -lobjc "
checked program was:
/* begin */
1: #include "ruby.h"
2: 
3: int main() {return 0;}
/* end */

"clang -o conftest -I/Users/scomp/.rbenv/versions/2.3.1/include/ruby-2.3.0/x86_64-darwin17 -I/Users/scomp/.rbenv/versions/2.3.1/include/ruby-2.3.0/ruby/backward -I/Users/scomp/.rbenv/versions/2.3.1/include/ruby-2.3.0 -I. -I/usr/local/opt/mysql@5.6/include/mysql -I/Users/scomp/.rbenv/versions/2.3.1/include  -D_XOPEN_SOURCE -D_DARWIN_C_SOURCE -D_DARWIN_UNLIMITED_SELECT -D_REENTRANT    -O3 -Wno-error=shorten-64-to-32  -pipe -DNO_SSL_MODE_SUPPORT conftest.c  -L. -L/Users/scomp/.rbenv/versions/2.3.1/lib -L. -L/Users/scomp/.rbenv/versions/2.3.1/lib  -fstack-protector -L/usr/local/lib    -L/usr/local/opt/mysql@5.6/lib  -lmysqlclient  -lssl -lcrypto  -lruby-static -framework CoreFoundation -Werror -Wno-disabled-macro-expansion -lpthread -ldl -lobjc "
checked program was:
/* begin */
1: #include "ruby.h"
2: 
3: int main() {return 0;}
/* end */

"clang -o conftest -I/Users/scomp/.rbenv/versions/2.3.1/include/ruby-2.3.0/x86_64-darwin17 -I/Users/scomp/.rbenv/versions/2.3.1/include/ruby-2.3.0/ruby/backward -I/Users/scomp/.rbenv/versions/2.3.1/include/ruby-2.3.0 -I. -I/usr/local/opt/mysql@5.6/include/mysql -I/Users/scomp/.rbenv/versions/2.3.1/include  -D_XOPEN_SOURCE -D_DARWIN_C_SOURCE -D_DARWIN_UNLIMITED_SELECT -D_REENTRANT    -O3 -Wno-error=shorten-64-to-32  -pipe -DNO_SSL_MODE_SUPPORT conftest.c  -L. -L/Users/scomp/.rbenv/versions/2.3.1/lib -L. -L/Users/scomp/.rbenv/versions/2.3.1/lib  -fstack-protector -L/usr/local/lib    -L/usr/local/opt/mysql@5.6/lib  -lmysqlclient  -lssl -lcrypto  -lruby-static -framework CoreFoundation -Werror -Wno-documentation-unknown-command -lpthread -ldl -lobjc "
checked program was:
/* begin */
1: #include "ruby.h"
2: 
3: int main() {return 0;}
/* end */

"clang -o conftest -I/Users/scomp/.rbenv/versions/2.3.1/include/ruby-2.3.0/x86_64-darwin17 -I/Users/scomp/.rbenv/versions/2.3.1/include/ruby-2.3.0/ruby/backward -I/Users/scomp/.rbenv/versions/2.3.1/include/ruby-2.3.0 -I. -I/usr/local/opt/mysql@5.6/include/mysql -I/Users/scomp/.rbenv/versions/2.3.1/include  -D_XOPEN_SOURCE -D_DARWIN_C_SOURCE -D_DARWIN_UNLIMITED_SELECT -D_REENTRANT    -O3 -Wno-error=shorten-64-to-32  -pipe -DNO_SSL_MODE_SUPPORT conftest.c  -L. -L/Users/scomp/.rbenv/versions/2.3.1/lib -L. -L/Users/scomp/.rbenv/versions/2.3.1/lib  -fstack-protector -L/usr/local/lib    -L/usr/local/opt/mysql@5.6/lib  -lmysqlclient  -lssl -lcrypto  -lruby-static -framework CoreFoundation -Werror -Wno-missing-field-initializers -lpthread -ldl -lobjc "
checked program was:
/* begin */
1: #include "ruby.h"
2: 
3: int main() {return 0;}
/* end */

"clang -o conftest -I/Users/scomp/.rbenv/versions/2.3.1/include/ruby-2.3.0/x86_64-darwin17 -I/Users/scomp/.rbenv/versions/2.3.1/include/ruby-2.3.0/ruby/backward -I/Users/scomp/.rbenv/versions/2.3.1/include/ruby-2.3.0 -I. -I/usr/local/opt/mysql@5.6/include/mysql -I/Users/scomp/.rbenv/versions/2.3.1/include  -D_XOPEN_SOURCE -D_DARWIN_C_SOURCE -D_DARWIN_UNLIMITED_SELECT -D_REENTRANT    -O3 -Wno-error=shorten-64-to-32  -pipe -DNO_SSL_MODE_SUPPORT conftest.c  -L. -L/Users/scomp/.rbenv/versions/2.3.1/lib -L. -L/Users/scomp/.rbenv/versions/2.3.1/lib  -fstack-protector -L/usr/local/lib    -L/usr/local/opt/mysql@5.6/lib  -lmysqlclient  -lssl -lcrypto  -lruby-static -framework CoreFoundation -Werror -Wno-missing-variable-declarations -lpthread -ldl -lobjc "
checked program was:
/* begin */
1: #include "ruby.h"
2: 
3: int main() {return 0;}
/* end */

"clang -o conftest -I/Users/scomp/.rbenv/versions/2.3.1/include/ruby-2.3.0/x86_64-darwin17 -I/Users/scomp/.rbenv/versions/2.3.1/include/ruby-2.3.0/ruby/backward -I/Users/scomp/.rbenv/versions/2.3.1/include/ruby-2.3.0 -I. -I/usr/local/opt/mysql@5.6/include/mysql -I/Users/scomp/.rbenv/versions/2.3.1/include  -D_XOPEN_SOURCE -D_DARWIN_C_SOURCE -D_DARWIN_UNLIMITED_SELECT -D_REENTRANT    -O3 -Wno-error=shorten-64-to-32  -pipe -DNO_SSL_MODE_SUPPORT conftest.c  -L. -L/Users/scomp/.rbenv/versions/2.3.1/lib -L. -L/Users/scomp/.rbenv/versions/2.3.1/lib  -fstack-protector -L/usr/local/lib    -L/usr/local/opt/mysql@5.6/lib  -lmysqlclient  -lssl -lcrypto  -lruby-static -framework CoreFoundation -Werror -Wno-padded -lpthread -ldl -lobjc "
checked program was:
/* begin */
1: #include "ruby.h"
2: 
3: int main() {return 0;}
/* end */

"clang -o conftest -I/Users/scomp/.rbenv/versions/2.3.1/include/ruby-2.3.0/x86_64-darwin17 -I/Users/scomp/.rbenv/versions/2.3.1/include/ruby-2.3.0/ruby/backward -I/Users/scomp/.rbenv/versions/2.3.1/include/ruby-2.3.0 -I. -I/usr/local/opt/mysql@5.6/include/mysql -I/Users/scomp/.rbenv/versions/2.3.1/include  -D_XOPEN_SOURCE -D_DARWIN_C_SOURCE -D_DARWIN_UNLIMITED_SELECT -D_REENTRANT    -O3 -Wno-error=shorten-64-to-32  -pipe -DNO_SSL_MODE_SUPPORT conftest.c  -L. -L/Users/scomp/.rbenv/versions/2.3.1/lib -L. -L/Users/scomp/.rbenv/versions/2.3.1/lib  -fstack-protector -L/usr/local/lib    -L/usr/local/opt/mysql@5.6/lib  -lmysqlclient  -lssl -lcrypto  -lruby-static -framework CoreFoundation -Werror -Wno-reserved-id-macro -lpthread -ldl -lobjc "
checked program was:
/* begin */
1: #include "ruby.h"
2: 
3: int main() {return 0;}
/* end */

"clang -o conftest -I/Users/scomp/.rbenv/versions/2.3.1/include/ruby-2.3.0/x86_64-darwin17 -I/Users/scomp/.rbenv/versions/2.3.1/include/ruby-2.3.0/ruby/backward -I/Users/scomp/.rbenv/versions/2.3.1/include/ruby-2.3.0 -I. -I/usr/local/opt/mysql@5.6/include/mysql -I/Users/scomp/.rbenv/versions/2.3.1/include  -D_XOPEN_SOURCE -D_DARWIN_C_SOURCE -D_DARWIN_UNLIMITED_SELECT -D_REENTRANT    -O3 -Wno-error=shorten-64-to-32  -pipe -DNO_SSL_MODE_SUPPORT conftest.c  -L. -L/Users/scomp/.rbenv/versions/2.3.1/lib -L. -L/Users/scomp/.rbenv/versions/2.3.1/lib  -fstack-protector -L/usr/local/lib    -L/usr/local/opt/mysql@5.6/lib  -lmysqlclient  -lssl -lcrypto  -lruby-static -framework CoreFoundation -Werror -Wno-sign-conversion -lpthread -ldl -lobjc "
checked program was:
/* begin */
1: #include "ruby.h"
2: 
3: int main() {return 0;}
/* end */

"clang -o conftest -I/Users/scomp/.rbenv/versions/2.3.1/include/ruby-2.3.0/x86_64-darwin17 -I/Users/scomp/.rbenv/versions/2.3.1/include/ruby-2.3.0/ruby/backward -I/Users/scomp/.rbenv/versions/2.3.1/include/ruby-2.3.0 -I. -I/usr/local/opt/mysql@5.6/include/mysql -I/Users/scomp/.rbenv/versions/2.3.1/include  -D_XOPEN_SOURCE -D_DARWIN_C_SOURCE -D_DARWIN_UNLIMITED_SELECT -D_REENTRANT    -O3 -Wno-error=shorten-64-to-32  -pipe -DNO_SSL_MODE_SUPPORT conftest.c  -L. -L/Users/scomp/.rbenv/versions/2.3.1/lib -L. -L/Users/scomp/.rbenv/versions/2.3.1/lib  -fstack-protector -L/usr/local/lib    -L/usr/local/opt/mysql@5.6/lib  -lmysqlclient  -lssl -lcrypto  -lruby-static -framework CoreFoundation -Werror -Wno-static-in-inline -lpthread -ldl -lobjc "
checked program was:
/* begin */
1: #include "ruby.h"
2: 
3: int main() {return 0;}
/* end */

"clang -o conftest -I/Users/scomp/.rbenv/versions/2.3.1/include/ruby-2.3.0/x86_64-darwin17 -I/Users/scomp/.rbenv/versions/2.3.1/include/ruby-2.3.0/ruby/backward -I/Users/scomp/.rbenv/versions/2.3.1/include/ruby-2.3.0 -I. -I/usr/local/opt/mysql@5.6/include/mysql -I/Users/scomp/.rbenv/versions/2.3.1/include  -D_XOPEN_SOURCE -D_DARWIN_C_SOURCE -D_DARWIN_UNLIMITED_SELECT -D_REENTRANT    -O3 -Wno-error=shorten-64-to-32  -pipe -DNO_SSL_MODE_SUPPORT conftest.c  -L. -L/Users/scomp/.rbenv/versions/2.3.1/lib -L. -L/Users/scomp/.rbenv/versions/2.3.1/lib  -fstack-protector -L/usr/local/lib    -L/usr/local/opt/mysql@5.6/lib  -lmysqlclient  -lssl -lcrypto  -lruby-static -framework CoreFoundation -Werror -Wno-switch-enum -lpthread -ldl -lobjc "
checked program was:
/* begin */
1: #include "ruby.h"
2: 
3: int main() {return 0;}
/* end */

"clang -o conftest -I/Users/scomp/.rbenv/versions/2.3.1/include/ruby-2.3.0/x86_64-darwin17 -I/Users/scomp/.rbenv/versions/2.3.1/include/ruby-2.3.0/ruby/backward -I/Users/scomp/.rbenv/versions/2.3.1/include/ruby-2.3.0 -I. -I/usr/local/opt/mysql@5.6/include/mysql -I/Users/scomp/.rbenv/versions/2.3.1/include  -D_XOPEN_SOURCE -D_DARWIN_C_SOURCE -D_DARWIN_UNLIMITED_SELECT -D_REENTRANT    -O3 -Wno-error=shorten-64-to-32  -pipe -DNO_SSL_MODE_SUPPORT conftest.c  -L. -L/Users/scomp/.rbenv/versions/2.3.1/lib -L. -L/Users/scomp/.rbenv/versions/2.3.1/lib  -fstack-protector -L/usr/local/lib    -L/usr/local/opt/mysql@5.6/lib  -lmysqlclient  -lssl -lcrypto  -lruby-static -framework CoreFoundation -Werror -Wno-undef -lpthread -ldl -lobjc "
checked program was:
/* begin */
1: #include "ruby.h"
2: 
3: int main() {return 0;}
/* end */

"clang -o conftest -I/Users/scomp/.rbenv/versions/2.3.1/include/ruby-2.3.0/x86_64-darwin17 -I/Users/scomp/.rbenv/versions/2.3.1/include/ruby-2.3.0/ruby/backward -I/Users/scomp/.rbenv/versions/2.3.1/include/ruby-2.3.0 -I. -I/usr/local/opt/mysql@5.6/include/mysql -I/Users/scomp/.rbenv/versions/2.3.1/include  -D_XOPEN_SOURCE -D_DARWIN_C_SOURCE -D_DARWIN_UNLIMITED_SELECT -D_REENTRANT    -O3 -Wno-error=shorten-64-to-32  -pipe -DNO_SSL_MODE_SUPPORT conftest.c  -L. -L/Users/scomp/.rbenv/versions/2.3.1/lib -L. -L/Users/scomp/.rbenv/versions/2.3.1/lib  -fstack-protector -L/usr/local/lib    -L/usr/local/opt/mysql@5.6/lib  -lmysqlclient  -lssl -lcrypto  -lruby-static -framework CoreFoundation -Werror -Wno-unreachable-code -lpthread -ldl -lobjc "
checked program was:
/* begin */
1: #include "ruby.h"
2: 
3: int main() {return 0;}
/* end */

"clang -o conftest -I/Users/scomp/.rbenv/versions/2.3.1/include/ruby-2.3.0/x86_64-darwin17 -I/Users/scomp/.rbenv/versions/2.3.1/include/ruby-2.3.0/ruby/backward -I/Users/scomp/.rbenv/versions/2.3.1/include/ruby-2.3.0 -I. -I/usr/local/opt/mysql@5.6/include/mysql -I/Users/scomp/.rbenv/versions/2.3.1/include  -D_XOPEN_SOURCE -D_DARWIN_C_SOURCE -D_DARWIN_UNLIMITED_SELECT -D_REENTRANT    -O3 -Wno-error=shorten-64-to-32  -pipe -DNO_SSL_MODE_SUPPORT conftest.c  -L. -L/Users/scomp/.rbenv/versions/2.3.1/lib -L. -L/Users/scomp/.rbenv/versions/2.3.1/lib  -fstack-protector -L/usr/local/lib    -L/usr/local/opt/mysql@5.6/lib  -lmysqlclient  -lssl -lcrypto  -lruby-static -framework CoreFoundation -Werror -Wno-used-but-marked-unused -lpthread -ldl -lobjc "
checked program was:
/* begin */
1: #include "ruby.h"
2: 
3: int main() {return 0;}
/* end */

"clang -o conftest -I/Users/scomp/.rbenv/versions/2.3.1/include/ruby-2.3.0/x86_64-darwin17 -I/Users/scomp/.rbenv/versions/2.3.1/include/ruby-2.3.0/ruby/backward -I/Users/scomp/.rbenv/versions/2.3.1/include/ruby-2.3.0 -I. -I/usr/local/opt/mysql@5.6/include/mysql -I/Users/scomp/.rbenv/versions/2.3.1/include  -D_XOPEN_SOURCE -D_DARWIN_C_SOURCE -D_DARWIN_UNLIMITED_SELECT -D_REENTRANT    -O3 -Wno-error=shorten-64-to-32  -pipe -DNO_SSL_MODE_SUPPORT -Wno-bad-function-cast -Wno-conditional-uninitialized -Wno-covered-switch-default -Wno-declaration-after-statement -Wno-disabled-macro-expansion -Wno-documentation-unknown-command -Wno-missing-field-initializers -Wno-missing-variable-declarations -Wno-padded -Wno-reserved-id-macro -Wno-sign-conversion -Wno-static-in-inline -Wno-switch-enum -Wno-undef -Wno-unreachable-code -Wno-used-but-marked-unused conftest.c  -L. -L/Users/scomp/.rbenv/versions/2.3.1/lib -L. -L/Users/scomp/.rbenv/versions/2.3.1/lib  -fstack-protector -L/usr/local/lib    -L/usr/local/opt/mysql@5.6/lib  -lmysqlclient  -lssl -lcrypto  -lruby-static -framework CoreFoundation  -Wl,-rpath,/usr/local/opt/mysql@5.6/lib -lpthread -ldl -lobjc "
checked program was:
/* begin */
1: #include "ruby.h"
2: 
3: int main() {return 0;}
/* end */

